2016-08-21 20:14:54 DEBUG DispatcherServlet:118 - Initializing servlet 'spring-web'
2016-08-21 20:14:54 DEBUG StandardServletEnvironment:108 - Adding [servletConfigInitParams] PropertySource with lowest search precedence
2016-08-21 20:14:54 DEBUG StandardServletEnvironment:108 - Adding [servletContextInitParams] PropertySource with lowest search precedence
2016-08-21 20:14:54 DEBUG StandardServletEnvironment:108 - Adding [jndiProperties] PropertySource with lowest search precedence
2016-08-21 20:14:54 DEBUG StandardServletEnvironment:108 - Adding [systemProperties] PropertySource with lowest search precedence
2016-08-21 20:14:54 DEBUG StandardServletEnvironment:108 - Adding [systemEnvironment] PropertySource with lowest search precedence
2016-08-21 20:14:54 DEBUG StandardServletEnvironment:126 - Initialized StandardServletEnvironment with PropertySources [servletConfigInitParams,servletContextInitParams,jndiProperties,systemProperties,systemEnvironment]
2016-08-21 20:14:54 INFO  DispatcherServlet:457 - FrameworkServlet 'spring-web': initialization started
2016-08-21 20:14:54 DEBUG DispatcherServlet:585 - Servlet with name 'spring-web' will try to create custom WebApplicationContext context of class 'org.springframework.web.context.support.XmlWebApplicationContext', using parent context [null]
2016-08-21 20:14:54 DEBUG StandardServletEnvironment:173 - Replacing [servletContextInitParams] PropertySource with [servletContextInitParams]
2016-08-21 20:14:54 DEBUG StandardServletEnvironment:173 - Replacing [servletConfigInitParams] PropertySource with [servletConfigInitParams]
2016-08-21 20:14:54 INFO  XmlWebApplicationContext:512 - Refreshing WebApplicationContext for namespace 'spring-web-servlet': startup date [Sun Aug 21 20:14:54 CDT 2016]; root of context hierarchy
2016-08-21 20:14:54 DEBUG StandardEnvironment:108 - Adding [systemProperties] PropertySource with lowest search precedence
2016-08-21 20:14:54 DEBUG StandardEnvironment:108 - Adding [systemEnvironment] PropertySource with lowest search precedence
2016-08-21 20:14:54 DEBUG StandardEnvironment:126 - Initialized StandardEnvironment with PropertySources [systemProperties,systemEnvironment]
2016-08-21 20:14:54 INFO  XmlBeanDefinitionReader:316 - Loading XML bean definitions from ServletContext resource [/WEB-INF/spring-web-servlet.xml]
2016-08-21 20:14:54 DEBUG DefaultDocumentLoader:72 - Using JAXP provider [com.sun.org.apache.xerces.internal.jaxp.DocumentBuilderFactoryImpl]
2016-08-21 20:14:54 DEBUG PluggableSchemaResolver:140 - Loading schema mappings from [META-INF/spring.schemas]
2016-08-21 20:14:54 DEBUG PluggableSchemaResolver:146 - Loaded schema mappings: {http://www.springframework.org/schema/util/spring-util.xsd=org/springframework/beans/factory/xml/spring-util-3.2.xsd, http://www.springframework.org/schema/jee/spring-jee-3.2.xsd=org/springframework/ejb/config/spring-jee-3.2.xsd, http://www.springframework.org/schema/mvc/spring-mvc-3.1.xsd=org/springframework/web/servlet/config/spring-mvc-3.1.xsd, http://www.springframework.org/schema/task/spring-task.xsd=org/springframework/scheduling/config/spring-task-3.2.xsd, http://www.springframework.org/schema/beans/spring-beans-3.1.xsd=org/springframework/beans/factory/xml/spring-beans-3.1.xsd, http://www.springframework.org/schema/cache/spring-cache.xsd=org/springframework/cache/config/spring-cache-3.2.xsd, http://www.springframework.org/schema/aop/spring-aop-3.0.xsd=org/springframework/aop/config/spring-aop-3.0.xsd, http://www.springframework.org/schema/aop/spring-aop-2.0.xsd=org/springframework/aop/config/spring-aop-2.0.xsd, http://www.springframework.org/schema/task/spring-task-3.1.xsd=org/springframework/scheduling/config/spring-task-3.1.xsd, http://www.springframework.org/schema/tool/spring-tool-2.5.xsd=org/springframework/beans/factory/xml/spring-tool-2.5.xsd, http://www.springframework.org/schema/beans/spring-beans.xsd=org/springframework/beans/factory/xml/spring-beans-3.2.xsd, http://www.springframework.org/schema/jee/spring-jee-2.5.xsd=org/springframework/ejb/config/spring-jee-2.5.xsd, http://www.springframework.org/schema/tool/spring-tool-3.1.xsd=org/springframework/beans/factory/xml/spring-tool-3.1.xsd, http://www.springframework.org/schema/aop/spring-aop.xsd=org/springframework/aop/config/spring-aop-3.2.xsd, http://www.springframework.org/schema/jee/spring-jee-3.1.xsd=org/springframework/ejb/config/spring-jee-3.1.xsd, http://www.springframework.org/schema/context/spring-context-3.2.xsd=org/springframework/context/config/spring-context-3.2.xsd, http://www.springframework.org/schema/beans/spring-beans-2.0.xsd=org/springframework/beans/factory/xml/spring-beans-2.0.xsd, http://www.springframework.org/schema/util/spring-util-3.2.xsd=org/springframework/beans/factory/xml/spring-util-3.2.xsd, http://www.springframework.org/schema/lang/spring-lang-3.2.xsd=org/springframework/scripting/config/spring-lang-3.2.xsd, http://www.springframework.org/schema/mvc/spring-mvc-3.0.xsd=org/springframework/web/servlet/config/spring-mvc-3.0.xsd, http://www.springframework.org/schema/beans/spring-beans-3.0.xsd=org/springframework/beans/factory/xml/spring-beans-3.0.xsd, http://www.springframework.org/schema/cache/spring-cache-3.2.xsd=org/springframework/cache/config/spring-cache-3.2.xsd, http://www.springframework.org/schema/task/spring-task-3.0.xsd=org/springframework/scheduling/config/spring-task-3.0.xsd, http://www.springframework.org/schema/context/spring-context-2.5.xsd=org/springframework/context/config/spring-context-2.5.xsd, http://www.springframework.org/schema/tool/spring-tool-3.0.xsd=org/springframework/beans/factory/xml/spring-tool-3.0.xsd, http://www.springframework.org/schema/lang/spring-lang.xsd=org/springframework/scripting/config/spring-lang-3.2.xsd, http://www.springframework.org/schema/tool/spring-tool-2.0.xsd=org/springframework/beans/factory/xml/spring-tool-2.0.xsd, http://www.springframework.org/schema/util/spring-util-2.5.xsd=org/springframework/beans/factory/xml/spring-util-2.5.xsd, http://www.springframework.org/schema/lang/spring-lang-2.5.xsd=org/springframework/scripting/config/spring-lang-2.5.xsd, http://www.springframework.org/schema/aop/spring-aop-3.2.xsd=org/springframework/aop/config/spring-aop-3.2.xsd, http://www.springframework.org/schema/jee/spring-jee-3.0.xsd=org/springframework/ejb/config/spring-jee-3.0.xsd, http://www.springframework.org/schema/jee/spring-jee-2.0.xsd=org/springframework/ejb/config/spring-jee-2.0.xsd, http://www.springframework.org/schema/context/spring-context-3.1.xsd=org/springframework/context/config/spring-context-3.1.xsd, http://www.springframework.org/schema/util/spring-util-3.1.xsd=org/springframework/beans/factory/xml/spring-util-3.1.xsd, http://www.springframework.org/schema/lang/spring-lang-3.1.xsd=org/springframework/scripting/config/spring-lang-3.1.xsd, http://www.springframework.org/schema/cache/spring-cache-3.1.xsd=org/springframework/cache/config/spring-cache-3.1.xsd, http://www.springframework.org/schema/context/spring-context.xsd=org/springframework/context/config/spring-context-3.2.xsd, http://www.springframework.org/schema/jee/spring-jee.xsd=org/springframework/ejb/config/spring-jee-3.2.xsd, http://www.springframework.org/schema/aop/spring-aop-2.5.xsd=org/springframework/aop/config/spring-aop-2.5.xsd, http://www.springframework.org/schema/mvc/spring-mvc.xsd=org/springframework/web/servlet/config/spring-mvc-3.2.xsd, http://www.springframework.org/schema/mvc/spring-mvc-3.2.xsd=org/springframework/web/servlet/config/spring-mvc-3.2.xsd, http://www.springframework.org/schema/beans/spring-beans-3.2.xsd=org/springframework/beans/factory/xml/spring-beans-3.2.xsd, http://www.springframework.org/schema/aop/spring-aop-3.1.xsd=org/springframework/aop/config/spring-aop-3.1.xsd, http://www.springframework.org/schema/task/spring-task-3.2.xsd=org/springframework/scheduling/config/spring-task-3.2.xsd, http://www.springframework.org/schema/context/spring-context-3.0.xsd=org/springframework/context/config/spring-context-3.0.xsd, http://www.springframework.org/schema/tool/spring-tool.xsd=org/springframework/beans/factory/xml/spring-tool-3.2.xsd, http://www.springframework.org/schema/util/spring-util-3.0.xsd=org/springframework/beans/factory/xml/spring-util-3.0.xsd, http://www.springframework.org/schema/lang/spring-lang-3.0.xsd=org/springframework/scripting/config/spring-lang-3.0.xsd, http://www.springframework.org/schema/util/spring-util-2.0.xsd=org/springframework/beans/factory/xml/spring-util-2.0.xsd, http://www.springframework.org/schema/lang/spring-lang-2.0.xsd=org/springframework/scripting/config/spring-lang-2.0.xsd, http://www.springframework.org/schema/tool/spring-tool-3.2.xsd=org/springframework/beans/factory/xml/spring-tool-3.2.xsd, http://www.springframework.org/schema/beans/spring-beans-2.5.xsd=org/springframework/beans/factory/xml/spring-beans-2.5.xsd}
2016-08-21 20:14:54 DEBUG PluggableSchemaResolver:118 - Found XML schema [http://www.springframework.org/schema/beans/spring-beans-3.2.xsd] in classpath: org/springframework/beans/factory/xml/spring-beans-3.2.xsd
2016-08-21 20:14:54 DEBUG PluggableSchemaResolver:118 - Found XML schema [http://www.springframework.org/schema/context/spring-context-3.2.xsd] in classpath: org/springframework/context/config/spring-context-3.2.xsd
2016-08-21 20:14:54 DEBUG PluggableSchemaResolver:118 - Found XML schema [http://www.springframework.org/schema/tool/spring-tool-3.2.xsd] in classpath: org/springframework/beans/factory/xml/spring-tool-3.2.xsd
2016-08-21 20:14:54 DEBUG PluggableSchemaResolver:118 - Found XML schema [http://www.springframework.org/schema/mvc/spring-mvc-3.2.xsd] in classpath: org/springframework/web/servlet/config/spring-mvc-3.2.xsd
2016-08-21 20:14:54 DEBUG DefaultBeanDefinitionDocumentReader:99 - Loading bean definitions
2016-08-21 20:14:54 DEBUG DefaultNamespaceHandlerResolver:156 - Loaded NamespaceHandler mappings: {http://www.springframework.org/schema/p=org.springframework.beans.factory.xml.SimplePropertyNamespaceHandler, http://www.springframework.org/schema/mvc=org.springframework.web.servlet.config.MvcNamespaceHandler, http://www.springframework.org/schema/util=org.springframework.beans.factory.xml.UtilNamespaceHandler, http://www.springframework.org/schema/jee=org.springframework.ejb.config.JeeNamespaceHandler, http://www.springframework.org/schema/aop=org.springframework.aop.config.AopNamespaceHandler, http://www.springframework.org/schema/cache=org.springframework.cache.config.CacheNamespaceHandler, http://www.springframework.org/schema/c=org.springframework.beans.factory.xml.SimpleConstructorNamespaceHandler, http://www.springframework.org/schema/task=org.springframework.scheduling.config.TaskNamespaceHandler, http://www.springframework.org/schema/lang=org.springframework.scripting.config.LangNamespaceHandler, http://www.springframework.org/schema/context=org.springframework.context.config.ContextNamespaceHandler}
2016-08-21 20:14:54 DEBUG StandardEnvironment:108 - Adding [systemProperties] PropertySource with lowest search precedence
2016-08-21 20:14:54 DEBUG StandardEnvironment:108 - Adding [systemEnvironment] PropertySource with lowest search precedence
2016-08-21 20:14:54 DEBUG StandardEnvironment:126 - Initialized StandardEnvironment with PropertySources [systemProperties,systemEnvironment]
2016-08-21 20:14:54 DEBUG PathMatchingResourcePatternResolver:553 - Looking for matching resources in directory tree [/Users/kartheek/Desktop/Study/sample/target/classes/com/WeightMonitor/web]
2016-08-21 20:14:54 DEBUG PathMatchingResourcePatternResolver:615 - Searching directory [/Users/kartheek/Desktop/Study/sample/target/classes/com/WeightMonitor/web] for files matching pattern [/Users/kartheek/Desktop/Study/sample/target/classes/com/WeightMonitor/web/**/*.class]
2016-08-21 20:14:54 DEBUG PathMatchingResourcePatternResolver:615 - Searching directory [/Users/kartheek/Desktop/Study/sample/target/classes/com/WeightMonitor/web/beans] for files matching pattern [/Users/kartheek/Desktop/Study/sample/target/classes/com/WeightMonitor/web/**/*.class]
2016-08-21 20:14:54 DEBUG PathMatchingResourcePatternResolver:615 - Searching directory [/Users/kartheek/Desktop/Study/sample/target/classes/com/WeightMonitor/web/constants] for files matching pattern [/Users/kartheek/Desktop/Study/sample/target/classes/com/WeightMonitor/web/**/*.class]
2016-08-21 20:14:54 DEBUG PathMatchingResourcePatternResolver:615 - Searching directory [/Users/kartheek/Desktop/Study/sample/target/classes/com/WeightMonitor/web/controller] for files matching pattern [/Users/kartheek/Desktop/Study/sample/target/classes/com/WeightMonitor/web/**/*.class]
2016-08-21 20:14:54 DEBUG PathMatchingResourcePatternResolver:615 - Searching directory [/Users/kartheek/Desktop/Study/sample/target/classes/com/WeightMonitor/web/dao] for files matching pattern [/Users/kartheek/Desktop/Study/sample/target/classes/com/WeightMonitor/web/**/*.class]
2016-08-21 20:14:54 DEBUG PathMatchingResourcePatternResolver:615 - Searching directory [/Users/kartheek/Desktop/Study/sample/target/classes/com/WeightMonitor/web/daoImpl] for files matching pattern [/Users/kartheek/Desktop/Study/sample/target/classes/com/WeightMonitor/web/**/*.class]
2016-08-21 20:14:54 DEBUG PathMatchingResourcePatternResolver:615 - Searching directory [/Users/kartheek/Desktop/Study/sample/target/classes/com/WeightMonitor/web/exceptions] for files matching pattern [/Users/kartheek/Desktop/Study/sample/target/classes/com/WeightMonitor/web/**/*.class]
2016-08-21 20:14:54 DEBUG PathMatchingResourcePatternResolver:615 - Searching directory [/Users/kartheek/Desktop/Study/sample/target/classes/com/WeightMonitor/web/rules] for files matching pattern [/Users/kartheek/Desktop/Study/sample/target/classes/com/WeightMonitor/web/**/*.class]
2016-08-21 20:14:54 DEBUG PathMatchingResourcePatternResolver:615 - Searching directory [/Users/kartheek/Desktop/Study/sample/target/classes/com/WeightMonitor/web/service] for files matching pattern [/Users/kartheek/Desktop/Study/sample/target/classes/com/WeightMonitor/web/**/*.class]
2016-08-21 20:14:54 DEBUG PathMatchingResourcePatternResolver:615 - Searching directory [/Users/kartheek/Desktop/Study/sample/target/classes/com/WeightMonitor/web/serviceImpl] for files matching pattern [/Users/kartheek/Desktop/Study/sample/target/classes/com/WeightMonitor/web/**/*.class]
2016-08-21 20:14:54 DEBUG PathMatchingResourcePatternResolver:615 - Searching directory [/Users/kartheek/Desktop/Study/sample/target/classes/com/WeightMonitor/web/utils] for files matching pattern [/Users/kartheek/Desktop/Study/sample/target/classes/com/WeightMonitor/web/**/*.class]
2016-08-21 20:14:54 DEBUG PathMatchingResourcePatternResolver:354 - Resolved location pattern [classpath*:com/WeightMonitor/web/**/*.class] to resources [file [/Users/kartheek/Desktop/Study/sample/target/classes/com/WeightMonitor/web/beans/AlertBean.class], file [/Users/kartheek/Desktop/Study/sample/target/classes/com/WeightMonitor/web/beans/Alerts.class], file [/Users/kartheek/Desktop/Study/sample/target/classes/com/WeightMonitor/web/beans/Metrics.class], file [/Users/kartheek/Desktop/Study/sample/target/classes/com/WeightMonitor/web/beans/MetricsBean.class], file [/Users/kartheek/Desktop/Study/sample/target/classes/com/WeightMonitor/web/beans/RangeForTimestamp.class], file [/Users/kartheek/Desktop/Study/sample/target/classes/com/WeightMonitor/web/constants/Constants.class], file [/Users/kartheek/Desktop/Study/sample/target/classes/com/WeightMonitor/web/controller/WeightWatcherController.class], file [/Users/kartheek/Desktop/Study/sample/target/classes/com/WeightMonitor/web/dao/WeightOperations.class], file [/Users/kartheek/Desktop/Study/sample/target/classes/com/WeightMonitor/web/daoImpl/WeightOperationsImpl.class], file [/Users/kartheek/Desktop/Study/sample/target/classes/com/WeightMonitor/web/exceptions/OverweightException.class], file [/Users/kartheek/Desktop/Study/sample/target/classes/com/WeightMonitor/web/exceptions/UnderweightException.class], file [/Users/kartheek/Desktop/Study/sample/target/classes/com/WeightMonitor/web/rules/Launcher.class], file [/Users/kartheek/Desktop/Study/sample/target/classes/com/WeightMonitor/web/rules/OverweightRule.class], file [/Users/kartheek/Desktop/Study/sample/target/classes/com/WeightMonitor/web/rules/UnderweightRule.class], file [/Users/kartheek/Desktop/Study/sample/target/classes/com/WeightMonitor/web/rules/WeightRules.class], file [/Users/kartheek/Desktop/Study/sample/target/classes/com/WeightMonitor/web/rules/WeightRulesLauncher.class], file [/Users/kartheek/Desktop/Study/sample/target/classes/com/WeightMonitor/web/rules/WeightRulesOne.class], file [/Users/kartheek/Desktop/Study/sample/target/classes/com/WeightMonitor/web/service/Addweight.class], file [/Users/kartheek/Desktop/Study/sample/target/classes/com/WeightMonitor/web/serviceImpl/AddWeightImpl.class], file [/Users/kartheek/Desktop/Study/sample/target/classes/com/WeightMonitor/web/utils/Validator.class], file [/Users/kartheek/Desktop/Study/sample/target/classes/com/WeightMonitor/web/utils/WeightUtils.class]]
2016-08-21 20:14:55 DEBUG ClassPathBeanDefinitionScanner:273 - Identified candidate component class: file [/Users/kartheek/Desktop/Study/sample/target/classes/com/WeightMonitor/web/controller/WeightWatcherController.class]
2016-08-21 20:14:55 DEBUG ClassPathBeanDefinitionScanner:279 - Ignored because not a concrete top-level class: file [/Users/kartheek/Desktop/Study/sample/target/classes/com/WeightMonitor/web/dao/WeightOperations.class]
2016-08-21 20:14:55 DEBUG ClassPathBeanDefinitionScanner:273 - Identified candidate component class: file [/Users/kartheek/Desktop/Study/sample/target/classes/com/WeightMonitor/web/daoImpl/WeightOperationsImpl.class]
2016-08-21 20:14:55 DEBUG ClassPathBeanDefinitionScanner:273 - Identified candidate component class: file [/Users/kartheek/Desktop/Study/sample/target/classes/com/WeightMonitor/web/rules/OverweightRule.class]
2016-08-21 20:14:55 DEBUG ClassPathBeanDefinitionScanner:273 - Identified candidate component class: file [/Users/kartheek/Desktop/Study/sample/target/classes/com/WeightMonitor/web/rules/UnderweightRule.class]
2016-08-21 20:14:55 DEBUG ClassPathBeanDefinitionScanner:273 - Identified candidate component class: file [/Users/kartheek/Desktop/Study/sample/target/classes/com/WeightMonitor/web/rules/WeightRules.class]
2016-08-21 20:14:55 DEBUG ClassPathBeanDefinitionScanner:273 - Identified candidate component class: file [/Users/kartheek/Desktop/Study/sample/target/classes/com/WeightMonitor/web/rules/WeightRulesLauncher.class]
2016-08-21 20:14:55 DEBUG ClassPathBeanDefinitionScanner:279 - Ignored because not a concrete top-level class: file [/Users/kartheek/Desktop/Study/sample/target/classes/com/WeightMonitor/web/service/Addweight.class]
2016-08-21 20:14:55 DEBUG ClassPathBeanDefinitionScanner:273 - Identified candidate component class: file [/Users/kartheek/Desktop/Study/sample/target/classes/com/WeightMonitor/web/serviceImpl/AddWeightImpl.class]
2016-08-21 20:14:55 DEBUG ClassPathBeanDefinitionScanner:273 - Identified candidate component class: file [/Users/kartheek/Desktop/Study/sample/target/classes/com/WeightMonitor/web/utils/Validator.class]
2016-08-21 20:14:55 DEBUG ClassPathBeanDefinitionScanner:273 - Identified candidate component class: file [/Users/kartheek/Desktop/Study/sample/target/classes/com/WeightMonitor/web/utils/WeightUtils.class]
2016-08-21 20:14:55 DEBUG BeanDefinitionParserDelegate:494 - Neither XML 'id' nor 'name' specified - using generated bean name [org.springframework.web.servlet.view.InternalResourceViewResolver#0]
2016-08-21 20:14:55 DEBUG XmlBeanDefinitionReader:216 - Loaded 27 bean definitions from location pattern [/WEB-INF/spring-web-servlet.xml]
2016-08-21 20:14:55 DEBUG XmlWebApplicationContext:542 - Bean factory for WebApplicationContext for namespace 'spring-web-servlet': org.springframework.beans.factory.support.DefaultListableBeanFactory@1ffece0a: defining beans [weightWatcherController,weightOperationsImpl,overweightRule,underweightRule,weightRules,weightRulesLauncher,addWeightImpl,validator,weightUtils,org.springframework.context.annotation.internalConfigurationAnnotationProcessor,org.springframework.context.annotation.internalAutowiredAnnotationProcessor,org.springframework.context.annotation.internalRequiredAnnotationProcessor,org.springframework.context.annotation.internalCommonAnnotationProcessor,org.springframework.web.servlet.view.InternalResourceViewResolver#0,org.springframework.web.servlet.resource.ResourceHttpRequestHandler#0,org.springframework.web.servlet.handler.SimpleUrlHandlerMapping#0,org.springframework.web.servlet.handler.BeanNameUrlHandlerMapping,org.springframework.web.servlet.mvc.HttpRequestHandlerAdapter,org.springframework.web.servlet.mvc.SimpleControllerHandlerAdapter,mvcContentNegotiationManager,org.springframework.web.servlet.mvc.method.annotation.RequestMappingHandlerMapping#0,org.springframework.format.support.FormattingConversionServiceFactoryBean#0,org.springframework.web.servlet.mvc.method.annotation.RequestMappingHandlerAdapter#0,org.springframework.web.servlet.handler.MappedInterceptor#0,org.springframework.web.servlet.mvc.method.annotation.ExceptionHandlerExceptionResolver#0,org.springframework.web.servlet.mvc.annotation.ResponseStatusExceptionResolver#0,org.springframework.web.servlet.mvc.support.DefaultHandlerExceptionResolver#0]; root of factory hierarchy
2016-08-21 20:14:55 DEBUG DefaultListableBeanFactory:215 - Creating shared instance of singleton bean 'org.springframework.context.annotation.internalConfigurationAnnotationProcessor'
2016-08-21 20:14:55 DEBUG DefaultListableBeanFactory:432 - Creating instance of bean 'org.springframework.context.annotation.internalConfigurationAnnotationProcessor'
2016-08-21 20:14:55 DEBUG DefaultListableBeanFactory:506 - Eagerly caching bean 'org.springframework.context.annotation.internalConfigurationAnnotationProcessor' to allow for resolving potential circular references
2016-08-21 20:14:55 DEBUG DefaultListableBeanFactory:460 - Finished creating instance of bean 'org.springframework.context.annotation.internalConfigurationAnnotationProcessor'
2016-08-21 20:14:55 DEBUG StandardServletEnvironment:108 - Adding [class path resource [config.properties]] PropertySource with lowest search precedence
2016-08-21 20:14:55 DEBUG ConfigurationClassBeanDefinitionReader:269 - Registering bean definition for @Bean method com.WeightMonitor.web.utils.WeightUtils.propertyConfigInDev()
2016-08-21 20:14:55 DEBUG DefaultListableBeanFactory:215 - Creating shared instance of singleton bean 'propertyConfigInDev'
2016-08-21 20:14:55 DEBUG DefaultListableBeanFactory:432 - Creating instance of bean 'propertyConfigInDev'
2016-08-21 20:14:55 DEBUG DefaultListableBeanFactory:506 - Eagerly caching bean 'propertyConfigInDev' to allow for resolving potential circular references
2016-08-21 20:14:55 DEBUG DefaultListableBeanFactory:460 - Finished creating instance of bean 'propertyConfigInDev'
2016-08-21 20:14:55 DEBUG MutablePropertySources:108 - Adding [environmentProperties] PropertySource with lowest search precedence
2016-08-21 20:14:55 DEBUG MutablePropertySources:108 - Adding [localProperties] PropertySource with lowest search precedence
2016-08-21 20:14:55 DEBUG DefaultListableBeanFactory:215 - Creating shared instance of singleton bean 'org.springframework.context.annotation.internalAutowiredAnnotationProcessor'
2016-08-21 20:14:55 DEBUG DefaultListableBeanFactory:432 - Creating instance of bean 'org.springframework.context.annotation.internalAutowiredAnnotationProcessor'
2016-08-21 20:14:55 DEBUG DefaultListableBeanFactory:506 - Eagerly caching bean 'org.springframework.context.annotation.internalAutowiredAnnotationProcessor' to allow for resolving potential circular references
2016-08-21 20:14:55 DEBUG DefaultListableBeanFactory:460 - Finished creating instance of bean 'org.springframework.context.annotation.internalAutowiredAnnotationProcessor'
2016-08-21 20:14:55 DEBUG DefaultListableBeanFactory:215 - Creating shared instance of singleton bean 'org.springframework.context.annotation.internalRequiredAnnotationProcessor'
2016-08-21 20:14:55 DEBUG DefaultListableBeanFactory:432 - Creating instance of bean 'org.springframework.context.annotation.internalRequiredAnnotationProcessor'
2016-08-21 20:14:55 DEBUG DefaultListableBeanFactory:506 - Eagerly caching bean 'org.springframework.context.annotation.internalRequiredAnnotationProcessor' to allow for resolving potential circular references
2016-08-21 20:14:55 DEBUG DefaultListableBeanFactory:460 - Finished creating instance of bean 'org.springframework.context.annotation.internalRequiredAnnotationProcessor'
2016-08-21 20:14:55 DEBUG DefaultListableBeanFactory:215 - Creating shared instance of singleton bean 'org.springframework.context.annotation.internalCommonAnnotationProcessor'
2016-08-21 20:14:55 DEBUG DefaultListableBeanFactory:432 - Creating instance of bean 'org.springframework.context.annotation.internalCommonAnnotationProcessor'
2016-08-21 20:14:55 DEBUG DefaultListableBeanFactory:506 - Eagerly caching bean 'org.springframework.context.annotation.internalCommonAnnotationProcessor' to allow for resolving potential circular references
2016-08-21 20:14:55 DEBUG DefaultListableBeanFactory:460 - Finished creating instance of bean 'org.springframework.context.annotation.internalCommonAnnotationProcessor'
2016-08-21 20:14:55 DEBUG DefaultListableBeanFactory:215 - Creating shared instance of singleton bean 'org.springframework.context.annotation.ConfigurationClassPostProcessor.importAwareProcessor'
2016-08-21 20:14:55 DEBUG DefaultListableBeanFactory:432 - Creating instance of bean 'org.springframework.context.annotation.ConfigurationClassPostProcessor.importAwareProcessor'
2016-08-21 20:14:55 DEBUG DefaultListableBeanFactory:506 - Eagerly caching bean 'org.springframework.context.annotation.ConfigurationClassPostProcessor.importAwareProcessor' to allow for resolving potential circular references
2016-08-21 20:14:55 DEBUG DefaultListableBeanFactory:460 - Finished creating instance of bean 'org.springframework.context.annotation.ConfigurationClassPostProcessor.importAwareProcessor'
2016-08-21 20:14:55 DEBUG XmlWebApplicationContext:809 - Unable to locate MessageSource with name 'messageSource': using default [org.springframework.context.support.DelegatingMessageSource@53b9e444]
2016-08-21 20:14:55 DEBUG XmlWebApplicationContext:833 - Unable to locate ApplicationEventMulticaster with name 'applicationEventMulticaster': using default [org.springframework.context.event.SimpleApplicationEventMulticaster@3f5c90be]
2016-08-21 20:14:55 DEBUG UiApplicationContextUtils:85 - Unable to locate ThemeSource with name 'themeSource': using default [org.springframework.ui.context.support.ResourceBundleThemeSource@255434d8]
2016-08-21 20:14:55 INFO  DefaultListableBeanFactory:603 - Pre-instantiating singletons in org.springframework.beans.factory.support.DefaultListableBeanFactory@1ffece0a: defining beans [weightWatcherController,weightOperationsImpl,overweightRule,underweightRule,weightRules,weightRulesLauncher,addWeightImpl,validator,weightUtils,org.springframework.context.annotation.internalConfigurationAnnotationProcessor,org.springframework.context.annotation.internalAutowiredAnnotationProcessor,org.springframework.context.annotation.internalRequiredAnnotationProcessor,org.springframework.context.annotation.internalCommonAnnotationProcessor,org.springframework.web.servlet.view.InternalResourceViewResolver#0,org.springframework.web.servlet.resource.ResourceHttpRequestHandler#0,org.springframework.web.servlet.handler.SimpleUrlHandlerMapping#0,org.springframework.web.servlet.handler.BeanNameUrlHandlerMapping,org.springframework.web.servlet.mvc.HttpRequestHandlerAdapter,org.springframework.web.servlet.mvc.SimpleControllerHandlerAdapter,mvcContentNegotiationManager,org.springframework.web.servlet.mvc.method.annotation.RequestMappingHandlerMapping#0,org.springframework.format.support.FormattingConversionServiceFactoryBean#0,org.springframework.web.servlet.mvc.method.annotation.RequestMappingHandlerAdapter#0,org.springframework.web.servlet.handler.MappedInterceptor#0,org.springframework.web.servlet.mvc.method.annotation.ExceptionHandlerExceptionResolver#0,org.springframework.web.servlet.mvc.annotation.ResponseStatusExceptionResolver#0,org.springframework.web.servlet.mvc.support.DefaultHandlerExceptionResolver#0,org.springframework.context.annotation.ConfigurationClassPostProcessor.importAwareProcessor,propertyConfigInDev]; root of factory hierarchy
2016-08-21 20:14:55 DEBUG DefaultListableBeanFactory:215 - Creating shared instance of singleton bean 'weightWatcherController'
2016-08-21 20:14:55 DEBUG DefaultListableBeanFactory:432 - Creating instance of bean 'weightWatcherController'
2016-08-21 20:14:55 DEBUG InjectionMetadata:72 - Registered injected element on class [com.WeightMonitor.web.controller.WeightWatcherController]: AutowiredFieldElement for com.WeightMonitor.web.service.Addweight com.WeightMonitor.web.controller.WeightWatcherController.addweight
2016-08-21 20:14:55 DEBUG DefaultListableBeanFactory:506 - Eagerly caching bean 'weightWatcherController' to allow for resolving potential circular references
2016-08-21 20:14:55 DEBUG InjectionMetadata:86 - Processing injected element of bean 'weightWatcherController': AutowiredFieldElement for com.WeightMonitor.web.service.Addweight com.WeightMonitor.web.controller.WeightWatcherController.addweight
2016-08-21 20:14:55 DEBUG DefaultListableBeanFactory:215 - Creating shared instance of singleton bean 'addWeightImpl'
2016-08-21 20:14:55 DEBUG DefaultListableBeanFactory:432 - Creating instance of bean 'addWeightImpl'
2016-08-21 20:14:55 DEBUG InjectionMetadata:72 - Registered injected element on class [com.WeightMonitor.web.serviceImpl.AddWeightImpl]: AutowiredFieldElement for com.WeightMonitor.web.dao.WeightOperations com.WeightMonitor.web.serviceImpl.AddWeightImpl.weightOperations
2016-08-21 20:14:55 DEBUG InjectionMetadata:72 - Registered injected element on class [com.WeightMonitor.web.serviceImpl.AddWeightImpl]: AutowiredFieldElement for com.WeightMonitor.web.utils.Validator com.WeightMonitor.web.serviceImpl.AddWeightImpl.validator
2016-08-21 20:14:55 DEBUG InjectionMetadata:72 - Registered injected element on class [com.WeightMonitor.web.serviceImpl.AddWeightImpl]: AutowiredFieldElement for com.WeightMonitor.web.utils.WeightUtils com.WeightMonitor.web.serviceImpl.AddWeightImpl.weightUtils
2016-08-21 20:14:55 DEBUG InjectionMetadata:72 - Registered injected element on class [com.WeightMonitor.web.serviceImpl.AddWeightImpl]: AutowiredFieldElement for com.WeightMonitor.web.rules.WeightRulesLauncher com.WeightMonitor.web.serviceImpl.AddWeightImpl.weightRulesLauncher
2016-08-21 20:14:55 DEBUG DefaultListableBeanFactory:506 - Eagerly caching bean 'addWeightImpl' to allow for resolving potential circular references
2016-08-21 20:14:55 DEBUG InjectionMetadata:86 - Processing injected element of bean 'addWeightImpl': AutowiredFieldElement for com.WeightMonitor.web.dao.WeightOperations com.WeightMonitor.web.serviceImpl.AddWeightImpl.weightOperations
2016-08-21 20:14:55 DEBUG DefaultListableBeanFactory:215 - Creating shared instance of singleton bean 'weightOperationsImpl'
2016-08-21 20:14:55 DEBUG DefaultListableBeanFactory:432 - Creating instance of bean 'weightOperationsImpl'
2016-08-21 20:14:55 DEBUG InjectionMetadata:72 - Registered injected element on class [com.WeightMonitor.web.daoImpl.WeightOperationsImpl]: AutowiredFieldElement for com.WeightMonitor.web.utils.WeightUtils com.WeightMonitor.web.daoImpl.WeightOperationsImpl.weightUtils
2016-08-21 20:14:55 DEBUG DefaultListableBeanFactory:506 - Eagerly caching bean 'weightOperationsImpl' to allow for resolving potential circular references
2016-08-21 20:14:55 DEBUG InjectionMetadata:86 - Processing injected element of bean 'weightOperationsImpl': AutowiredFieldElement for com.WeightMonitor.web.utils.WeightUtils com.WeightMonitor.web.daoImpl.WeightOperationsImpl.weightUtils
2016-08-21 20:14:55 DEBUG DefaultListableBeanFactory:215 - Creating shared instance of singleton bean 'weightUtils'
2016-08-21 20:14:55 DEBUG DefaultListableBeanFactory:432 - Creating instance of bean 'weightUtils'
2016-08-21 20:14:55 DEBUG InjectionMetadata:72 - Registered injected element on class [com.WeightMonitor.web.utils.WeightUtils]: AutowiredFieldElement for private java.lang.String com.WeightMonitor.web.utils.WeightUtils.mongodbName
2016-08-21 20:14:55 DEBUG InjectionMetadata:72 - Registered injected element on class [com.WeightMonitor.web.utils.WeightUtils]: AutowiredFieldElement for private java.lang.String com.WeightMonitor.web.utils.WeightUtils.weight
2016-08-21 20:14:55 DEBUG InjectionMetadata:72 - Registered injected element on class [com.WeightMonitor.web.utils.WeightUtils]: AutowiredFieldElement for private java.lang.String com.WeightMonitor.web.utils.WeightUtils.overWeightPercentage
2016-08-21 20:14:55 DEBUG InjectionMetadata:72 - Registered injected element on class [com.WeightMonitor.web.utils.WeightUtils]: AutowiredFieldElement for private java.lang.String com.WeightMonitor.web.utils.WeightUtils.underWeightPercentage
2016-08-21 20:14:55 DEBUG InjectionMetadata:72 - Registered injected element on class [com.WeightMonitor.web.utils.WeightUtils]: AutowiredFieldElement for com.WeightMonitor.web.rules.WeightRulesLauncher com.WeightMonitor.web.utils.WeightUtils.weightRulesLauncher
2016-08-21 20:14:55 DEBUG DefaultListableBeanFactory:506 - Eagerly caching bean 'weightUtils' to allow for resolving potential circular references
2016-08-21 20:14:55 DEBUG InjectionMetadata:86 - Processing injected element of bean 'weightUtils': AutowiredFieldElement for private java.lang.String com.WeightMonitor.web.utils.WeightUtils.mongodbName
2016-08-21 20:14:55 DEBUG PropertySourcesPropertyResolver:81 - Searching for key 'mongo.db.name' in [environmentProperties]
2016-08-21 20:14:55 DEBUG PropertySourcesPropertyResolver:81 - Searching for key 'mongo.db.name' in [servletConfigInitParams]
2016-08-21 20:14:55 DEBUG PropertySourcesPropertyResolver:81 - Searching for key 'mongo.db.name' in [servletContextInitParams]
2016-08-21 20:14:55 DEBUG PropertySourcesPropertyResolver:81 - Searching for key 'mongo.db.name' in [jndiProperties]
2016-08-21 20:14:55 DEBUG JndiTemplate:150 - Looking up JNDI object with name [java:comp/env/mongo.db.name]
2016-08-21 20:14:55 DEBUG JndiLocatorDelegate:101 - Converted JNDI name [java:comp/env/mongo.db.name] not found - trying original name [mongo.db.name]. javax.naming.NoInitialContextException: Need to specify class name in environment or system property, or as an applet parameter, or in an application resource file:  java.naming.factory.initial
2016-08-21 20:14:55 DEBUG JndiTemplate:150 - Looking up JNDI object with name [mongo.db.name]
2016-08-21 20:14:55 DEBUG JndiPropertySource:90 - JNDI lookup for name [mongo.db.name] threw NamingException with message: Need to specify class name in environment or system property, or as an applet parameter, or in an application resource file:  java.naming.factory.initial. Returning null.
2016-08-21 20:14:55 DEBUG PropertySourcesPropertyResolver:81 - Searching for key 'mongo.db.name' in [systemProperties]
2016-08-21 20:14:55 DEBUG PropertySourcesPropertyResolver:81 - Searching for key 'mongo.db.name' in [systemEnvironment]
2016-08-21 20:14:55 DEBUG PropertySourcesPropertyResolver:81 - Searching for key 'mongo.db.name' in [class path resource [config.properties]]
2016-08-21 20:14:55 DEBUG PropertySourcesPropertyResolver:90 - Found key 'mongo.db.name' in [class path resource [config.properties]] with type [String] and value 'test'
2016-08-21 20:14:55 DEBUG PropertySourcesPropertyResolver:90 - Found key 'mongo.db.name' in [environmentProperties] with type [String] and value 'test'
2016-08-21 20:14:55 DEBUG InjectionMetadata:86 - Processing injected element of bean 'weightUtils': AutowiredFieldElement for private java.lang.String com.WeightMonitor.web.utils.WeightUtils.weight
2016-08-21 20:14:55 DEBUG PropertySourcesPropertyResolver:81 - Searching for key 'person.weight.inPounds' in [environmentProperties]
2016-08-21 20:14:55 DEBUG PropertySourcesPropertyResolver:81 - Searching for key 'person.weight.inPounds' in [servletConfigInitParams]
2016-08-21 20:14:55 DEBUG PropertySourcesPropertyResolver:81 - Searching for key 'person.weight.inPounds' in [servletContextInitParams]
2016-08-21 20:14:55 DEBUG PropertySourcesPropertyResolver:81 - Searching for key 'person.weight.inPounds' in [jndiProperties]
2016-08-21 20:14:55 DEBUG JndiTemplate:150 - Looking up JNDI object with name [java:comp/env/person.weight.inPounds]
2016-08-21 20:14:55 DEBUG JndiLocatorDelegate:101 - Converted JNDI name [java:comp/env/person.weight.inPounds] not found - trying original name [person.weight.inPounds]. javax.naming.NoInitialContextException: Need to specify class name in environment or system property, or as an applet parameter, or in an application resource file:  java.naming.factory.initial
2016-08-21 20:14:55 DEBUG JndiTemplate:150 - Looking up JNDI object with name [person.weight.inPounds]
2016-08-21 20:14:55 DEBUG JndiPropertySource:90 - JNDI lookup for name [person.weight.inPounds] threw NamingException with message: Need to specify class name in environment or system property, or as an applet parameter, or in an application resource file:  java.naming.factory.initial. Returning null.
2016-08-21 20:14:55 DEBUG PropertySourcesPropertyResolver:81 - Searching for key 'person.weight.inPounds' in [systemProperties]
2016-08-21 20:14:55 DEBUG PropertySourcesPropertyResolver:81 - Searching for key 'person.weight.inPounds' in [systemEnvironment]
2016-08-21 20:14:55 DEBUG PropertySourcesPropertyResolver:81 - Searching for key 'person.weight.inPounds' in [class path resource [config.properties]]
2016-08-21 20:14:55 DEBUG PropertySourcesPropertyResolver:90 - Found key 'person.weight.inPounds' in [class path resource [config.properties]] with type [String] and value '150'
2016-08-21 20:14:55 DEBUG PropertySourcesPropertyResolver:90 - Found key 'person.weight.inPounds' in [environmentProperties] with type [String] and value '150'
2016-08-21 20:14:55 DEBUG InjectionMetadata:86 - Processing injected element of bean 'weightUtils': AutowiredFieldElement for private java.lang.String com.WeightMonitor.web.utils.WeightUtils.overWeightPercentage
2016-08-21 20:14:55 DEBUG PropertySourcesPropertyResolver:81 - Searching for key 'person.overweight.threshold.percentage' in [environmentProperties]
2016-08-21 20:14:55 DEBUG PropertySourcesPropertyResolver:81 - Searching for key 'person.overweight.threshold.percentage' in [servletConfigInitParams]
2016-08-21 20:14:55 DEBUG PropertySourcesPropertyResolver:81 - Searching for key 'person.overweight.threshold.percentage' in [servletContextInitParams]
2016-08-21 20:14:55 DEBUG PropertySourcesPropertyResolver:81 - Searching for key 'person.overweight.threshold.percentage' in [jndiProperties]
2016-08-21 20:14:55 DEBUG JndiTemplate:150 - Looking up JNDI object with name [java:comp/env/person.overweight.threshold.percentage]
2016-08-21 20:14:55 DEBUG JndiLocatorDelegate:101 - Converted JNDI name [java:comp/env/person.overweight.threshold.percentage] not found - trying original name [person.overweight.threshold.percentage]. javax.naming.NoInitialContextException: Need to specify class name in environment or system property, or as an applet parameter, or in an application resource file:  java.naming.factory.initial
2016-08-21 20:14:55 DEBUG JndiTemplate:150 - Looking up JNDI object with name [person.overweight.threshold.percentage]
2016-08-21 20:14:55 DEBUG JndiPropertySource:90 - JNDI lookup for name [person.overweight.threshold.percentage] threw NamingException with message: Need to specify class name in environment or system property, or as an applet parameter, or in an application resource file:  java.naming.factory.initial. Returning null.
2016-08-21 20:14:55 DEBUG PropertySourcesPropertyResolver:81 - Searching for key 'person.overweight.threshold.percentage' in [systemProperties]
2016-08-21 20:14:55 DEBUG PropertySourcesPropertyResolver:81 - Searching for key 'person.overweight.threshold.percentage' in [systemEnvironment]
2016-08-21 20:14:55 DEBUG PropertySourcesPropertyResolver:81 - Searching for key 'person.overweight.threshold.percentage' in [class path resource [config.properties]]
2016-08-21 20:14:55 DEBUG PropertySourcesPropertyResolver:90 - Found key 'person.overweight.threshold.percentage' in [class path resource [config.properties]] with type [String] and value '10'
2016-08-21 20:14:55 DEBUG PropertySourcesPropertyResolver:90 - Found key 'person.overweight.threshold.percentage' in [environmentProperties] with type [String] and value '10'
2016-08-21 20:14:55 DEBUG InjectionMetadata:86 - Processing injected element of bean 'weightUtils': AutowiredFieldElement for private java.lang.String com.WeightMonitor.web.utils.WeightUtils.underWeightPercentage
2016-08-21 20:14:55 DEBUG PropertySourcesPropertyResolver:81 - Searching for key 'person.underweight.threshold.percentage' in [environmentProperties]
2016-08-21 20:14:55 DEBUG PropertySourcesPropertyResolver:81 - Searching for key 'person.underweight.threshold.percentage' in [servletConfigInitParams]
2016-08-21 20:14:55 DEBUG PropertySourcesPropertyResolver:81 - Searching for key 'person.underweight.threshold.percentage' in [servletContextInitParams]
2016-08-21 20:14:55 DEBUG PropertySourcesPropertyResolver:81 - Searching for key 'person.underweight.threshold.percentage' in [jndiProperties]
2016-08-21 20:14:55 DEBUG JndiTemplate:150 - Looking up JNDI object with name [java:comp/env/person.underweight.threshold.percentage]
2016-08-21 20:14:55 DEBUG JndiLocatorDelegate:101 - Converted JNDI name [java:comp/env/person.underweight.threshold.percentage] not found - trying original name [person.underweight.threshold.percentage]. javax.naming.NoInitialContextException: Need to specify class name in environment or system property, or as an applet parameter, or in an application resource file:  java.naming.factory.initial
2016-08-21 20:14:55 DEBUG JndiTemplate:150 - Looking up JNDI object with name [person.underweight.threshold.percentage]
2016-08-21 20:14:55 DEBUG JndiPropertySource:90 - JNDI lookup for name [person.underweight.threshold.percentage] threw NamingException with message: Need to specify class name in environment or system property, or as an applet parameter, or in an application resource file:  java.naming.factory.initial. Returning null.
2016-08-21 20:14:55 DEBUG PropertySourcesPropertyResolver:81 - Searching for key 'person.underweight.threshold.percentage' in [systemProperties]
2016-08-21 20:14:55 DEBUG PropertySourcesPropertyResolver:81 - Searching for key 'person.underweight.threshold.percentage' in [systemEnvironment]
2016-08-21 20:14:55 DEBUG PropertySourcesPropertyResolver:81 - Searching for key 'person.underweight.threshold.percentage' in [class path resource [config.properties]]
2016-08-21 20:14:55 DEBUG PropertySourcesPropertyResolver:90 - Found key 'person.underweight.threshold.percentage' in [class path resource [config.properties]] with type [String] and value '10'
2016-08-21 20:14:55 DEBUG PropertySourcesPropertyResolver:90 - Found key 'person.underweight.threshold.percentage' in [environmentProperties] with type [String] and value '10'
2016-08-21 20:14:55 DEBUG InjectionMetadata:86 - Processing injected element of bean 'weightUtils': AutowiredFieldElement for com.WeightMonitor.web.rules.WeightRulesLauncher com.WeightMonitor.web.utils.WeightUtils.weightRulesLauncher
2016-08-21 20:14:55 DEBUG DefaultListableBeanFactory:215 - Creating shared instance of singleton bean 'weightRulesLauncher'
2016-08-21 20:14:55 DEBUG DefaultListableBeanFactory:432 - Creating instance of bean 'weightRulesLauncher'
2016-08-21 20:14:55 DEBUG DefaultListableBeanFactory:506 - Eagerly caching bean 'weightRulesLauncher' to allow for resolving potential circular references
2016-08-21 20:14:55 DEBUG DefaultListableBeanFactory:460 - Finished creating instance of bean 'weightRulesLauncher'
2016-08-21 20:14:55 DEBUG AutowiredAnnotationBeanPostProcessor:450 - Autowiring by type from bean name 'weightUtils' to bean named 'weightRulesLauncher'
2016-08-21 20:14:55 DEBUG DefaultListableBeanFactory:460 - Finished creating instance of bean 'weightUtils'
2016-08-21 20:14:55 DEBUG AutowiredAnnotationBeanPostProcessor:450 - Autowiring by type from bean name 'weightOperationsImpl' to bean named 'weightUtils'
2016-08-21 20:14:55 DEBUG DefaultListableBeanFactory:460 - Finished creating instance of bean 'weightOperationsImpl'
2016-08-21 20:14:55 DEBUG AutowiredAnnotationBeanPostProcessor:450 - Autowiring by type from bean name 'addWeightImpl' to bean named 'weightOperationsImpl'
2016-08-21 20:14:55 DEBUG InjectionMetadata:86 - Processing injected element of bean 'addWeightImpl': AutowiredFieldElement for com.WeightMonitor.web.utils.Validator com.WeightMonitor.web.serviceImpl.AddWeightImpl.validator
2016-08-21 20:14:55 DEBUG DefaultListableBeanFactory:215 - Creating shared instance of singleton bean 'validator'
2016-08-21 20:14:55 DEBUG DefaultListableBeanFactory:432 - Creating instance of bean 'validator'
2016-08-21 20:14:55 DEBUG DefaultListableBeanFactory:506 - Eagerly caching bean 'validator' to allow for resolving potential circular references
2016-08-21 20:14:55 DEBUG DefaultListableBeanFactory:460 - Finished creating instance of bean 'validator'
2016-08-21 20:14:55 DEBUG AutowiredAnnotationBeanPostProcessor:450 - Autowiring by type from bean name 'addWeightImpl' to bean named 'validator'
2016-08-21 20:14:55 DEBUG InjectionMetadata:86 - Processing injected element of bean 'addWeightImpl': AutowiredFieldElement for com.WeightMonitor.web.utils.WeightUtils com.WeightMonitor.web.serviceImpl.AddWeightImpl.weightUtils
2016-08-21 20:14:55 DEBUG DefaultListableBeanFactory:243 - Returning cached instance of singleton bean 'weightUtils'
2016-08-21 20:14:55 DEBUG AutowiredAnnotationBeanPostProcessor:450 - Autowiring by type from bean name 'addWeightImpl' to bean named 'weightUtils'
2016-08-21 20:14:55 DEBUG InjectionMetadata:86 - Processing injected element of bean 'addWeightImpl': AutowiredFieldElement for com.WeightMonitor.web.rules.WeightRulesLauncher com.WeightMonitor.web.serviceImpl.AddWeightImpl.weightRulesLauncher
2016-08-21 20:14:55 DEBUG DefaultListableBeanFactory:243 - Returning cached instance of singleton bean 'weightRulesLauncher'
2016-08-21 20:14:55 DEBUG AutowiredAnnotationBeanPostProcessor:450 - Autowiring by type from bean name 'addWeightImpl' to bean named 'weightRulesLauncher'
2016-08-21 20:14:55 DEBUG DefaultListableBeanFactory:460 - Finished creating instance of bean 'addWeightImpl'
2016-08-21 20:14:55 DEBUG AutowiredAnnotationBeanPostProcessor:450 - Autowiring by type from bean name 'weightWatcherController' to bean named 'addWeightImpl'
2016-08-21 20:14:55 DEBUG DefaultListableBeanFactory:460 - Finished creating instance of bean 'weightWatcherController'
2016-08-21 20:14:55 DEBUG DefaultListableBeanFactory:243 - Returning cached instance of singleton bean 'weightOperationsImpl'
2016-08-21 20:14:55 DEBUG DefaultListableBeanFactory:215 - Creating shared instance of singleton bean 'overweightRule'
2016-08-21 20:14:55 DEBUG DefaultListableBeanFactory:432 - Creating instance of bean 'overweightRule'
2016-08-21 20:14:55 DEBUG DefaultListableBeanFactory:506 - Eagerly caching bean 'overweightRule' to allow for resolving potential circular references
2016-08-21 20:14:55 DEBUG DefaultListableBeanFactory:460 - Finished creating instance of bean 'overweightRule'
2016-08-21 20:14:55 DEBUG DefaultListableBeanFactory:215 - Creating shared instance of singleton bean 'underweightRule'
2016-08-21 20:14:55 DEBUG DefaultListableBeanFactory:432 - Creating instance of bean 'underweightRule'
2016-08-21 20:14:55 DEBUG DefaultListableBeanFactory:506 - Eagerly caching bean 'underweightRule' to allow for resolving potential circular references
2016-08-21 20:14:55 DEBUG DefaultListableBeanFactory:460 - Finished creating instance of bean 'underweightRule'
2016-08-21 20:14:55 DEBUG DefaultListableBeanFactory:215 - Creating shared instance of singleton bean 'weightRules'
2016-08-21 20:14:55 DEBUG DefaultListableBeanFactory:432 - Creating instance of bean 'weightRules'
2016-08-21 20:14:55 DEBUG InjectionMetadata:72 - Registered injected element on class [com.WeightMonitor.web.rules.WeightRules]: AutowiredFieldElement for com.WeightMonitor.web.utils.WeightUtils com.WeightMonitor.web.rules.WeightRules.weightUtils
2016-08-21 20:14:55 DEBUG InjectionMetadata:72 - Registered injected element on class [com.WeightMonitor.web.rules.WeightRules]: AutowiredFieldElement for com.WeightMonitor.web.dao.WeightOperations com.WeightMonitor.web.rules.WeightRules.weightOperations
2016-08-21 20:14:55 DEBUG DefaultListableBeanFactory:506 - Eagerly caching bean 'weightRules' to allow for resolving potential circular references
2016-08-21 20:14:55 DEBUG InjectionMetadata:86 - Processing injected element of bean 'weightRules': AutowiredFieldElement for com.WeightMonitor.web.utils.WeightUtils com.WeightMonitor.web.rules.WeightRules.weightUtils
2016-08-21 20:14:55 DEBUG DefaultListableBeanFactory:243 - Returning cached instance of singleton bean 'weightUtils'
2016-08-21 20:14:55 DEBUG AutowiredAnnotationBeanPostProcessor:450 - Autowiring by type from bean name 'weightRules' to bean named 'weightUtils'
2016-08-21 20:14:55 DEBUG InjectionMetadata:86 - Processing injected element of bean 'weightRules': AutowiredFieldElement for com.WeightMonitor.web.dao.WeightOperations com.WeightMonitor.web.rules.WeightRules.weightOperations
2016-08-21 20:14:55 DEBUG DefaultListableBeanFactory:243 - Returning cached instance of singleton bean 'weightOperationsImpl'
2016-08-21 20:14:55 DEBUG AutowiredAnnotationBeanPostProcessor:450 - Autowiring by type from bean name 'weightRules' to bean named 'weightOperationsImpl'
2016-08-21 20:14:55 DEBUG DefaultListableBeanFactory:460 - Finished creating instance of bean 'weightRules'
2016-08-21 20:14:55 DEBUG DefaultListableBeanFactory:243 - Returning cached instance of singleton bean 'weightRulesLauncher'
2016-08-21 20:14:55 DEBUG DefaultListableBeanFactory:243 - Returning cached instance of singleton bean 'addWeightImpl'
2016-08-21 20:14:55 DEBUG DefaultListableBeanFactory:243 - Returning cached instance of singleton bean 'validator'
2016-08-21 20:14:55 DEBUG DefaultListableBeanFactory:243 - Returning cached instance of singleton bean 'weightUtils'
2016-08-21 20:14:55 DEBUG DefaultListableBeanFactory:243 - Returning cached instance of singleton bean 'org.springframework.context.annotation.internalConfigurationAnnotationProcessor'
2016-08-21 20:14:55 DEBUG DefaultListableBeanFactory:243 - Returning cached instance of singleton bean 'org.springframework.context.annotation.internalAutowiredAnnotationProcessor'
2016-08-21 20:14:55 DEBUG DefaultListableBeanFactory:243 - Returning cached instance of singleton bean 'org.springframework.context.annotation.internalRequiredAnnotationProcessor'
2016-08-21 20:14:55 DEBUG DefaultListableBeanFactory:243 - Returning cached instance of singleton bean 'org.springframework.context.annotation.internalCommonAnnotationProcessor'
2016-08-21 20:14:55 DEBUG DefaultListableBeanFactory:215 - Creating shared instance of singleton bean 'org.springframework.web.servlet.view.InternalResourceViewResolver#0'
2016-08-21 20:14:55 DEBUG DefaultListableBeanFactory:432 - Creating instance of bean 'org.springframework.web.servlet.view.InternalResourceViewResolver#0'
2016-08-21 20:14:55 DEBUG DefaultListableBeanFactory:506 - Eagerly caching bean 'org.springframework.web.servlet.view.InternalResourceViewResolver#0' to allow for resolving potential circular references
2016-08-21 20:14:55 DEBUG DefaultListableBeanFactory:460 - Finished creating instance of bean 'org.springframework.web.servlet.view.InternalResourceViewResolver#0'
2016-08-21 20:14:55 DEBUG DefaultListableBeanFactory:215 - Creating shared instance of singleton bean 'org.springframework.web.servlet.resource.ResourceHttpRequestHandler#0'
2016-08-21 20:14:55 DEBUG DefaultListableBeanFactory:432 - Creating instance of bean 'org.springframework.web.servlet.resource.ResourceHttpRequestHandler#0'
2016-08-21 20:14:55 DEBUG DefaultListableBeanFactory:506 - Eagerly caching bean 'org.springframework.web.servlet.resource.ResourceHttpRequestHandler#0' to allow for resolving potential circular references
2016-08-21 20:14:55 DEBUG DefaultListableBeanFactory:1557 - Invoking afterPropertiesSet() on bean with name 'org.springframework.web.servlet.resource.ResourceHttpRequestHandler#0'
2016-08-21 20:14:55 DEBUG DefaultListableBeanFactory:460 - Finished creating instance of bean 'org.springframework.web.servlet.resource.ResourceHttpRequestHandler#0'
2016-08-21 20:14:55 DEBUG DefaultListableBeanFactory:215 - Creating shared instance of singleton bean 'org.springframework.web.servlet.handler.SimpleUrlHandlerMapping#0'
2016-08-21 20:14:55 DEBUG DefaultListableBeanFactory:432 - Creating instance of bean 'org.springframework.web.servlet.handler.SimpleUrlHandlerMapping#0'
2016-08-21 20:14:55 DEBUG DefaultListableBeanFactory:506 - Eagerly caching bean 'org.springframework.web.servlet.handler.SimpleUrlHandlerMapping#0' to allow for resolving potential circular references
2016-08-21 20:14:55 DEBUG DefaultListableBeanFactory:215 - Creating shared instance of singleton bean 'org.springframework.web.servlet.handler.MappedInterceptor#0'
2016-08-21 20:14:55 DEBUG DefaultListableBeanFactory:432 - Creating instance of bean 'org.springframework.web.servlet.handler.MappedInterceptor#0'
2016-08-21 20:14:55 DEBUG DefaultListableBeanFactory:432 - Creating instance of bean '(inner bean)#4391f225'
2016-08-21 20:14:55 DEBUG DefaultListableBeanFactory:215 - Creating shared instance of singleton bean 'org.springframework.format.support.FormattingConversionServiceFactoryBean#0'
2016-08-21 20:14:55 DEBUG DefaultListableBeanFactory:432 - Creating instance of bean 'org.springframework.format.support.FormattingConversionServiceFactoryBean#0'
2016-08-21 20:14:55 DEBUG DefaultListableBeanFactory:506 - Eagerly caching bean 'org.springframework.format.support.FormattingConversionServiceFactoryBean#0' to allow for resolving potential circular references
2016-08-21 20:14:55 DEBUG DefaultListableBeanFactory:1557 - Invoking afterPropertiesSet() on bean with name 'org.springframework.format.support.FormattingConversionServiceFactoryBean#0'
2016-08-21 20:14:55 DEBUG DefaultListableBeanFactory:460 - Finished creating instance of bean 'org.springframework.format.support.FormattingConversionServiceFactoryBean#0'
2016-08-21 20:14:55 DEBUG DefaultListableBeanFactory:460 - Finished creating instance of bean '(inner bean)#4391f225'
2016-08-21 20:14:55 DEBUG BeanUtils:456 - No property editor [org.springframework.web.context.request.WebRequestInterceptorEditor] found for type org.springframework.web.context.request.WebRequestInterceptor according to 'Editor' suffix convention
2016-08-21 20:14:55 DEBUG DefaultListableBeanFactory:506 - Eagerly caching bean 'org.springframework.web.servlet.handler.MappedInterceptor#0' to allow for resolving potential circular references
2016-08-21 20:14:55 DEBUG DefaultListableBeanFactory:460 - Finished creating instance of bean 'org.springframework.web.servlet.handler.MappedInterceptor#0'
2016-08-21 20:14:55 DEBUG DefaultListableBeanFactory:243 - Returning cached instance of singleton bean 'org.springframework.web.servlet.resource.ResourceHttpRequestHandler#0'
2016-08-21 20:14:55 INFO  SimpleUrlHandlerMapping:315 - Mapped URL path [/resources/**] onto handler 'org.springframework.web.servlet.resource.ResourceHttpRequestHandler#0'
2016-08-21 20:14:55 DEBUG DefaultListableBeanFactory:460 - Finished creating instance of bean 'org.springframework.web.servlet.handler.SimpleUrlHandlerMapping#0'
2016-08-21 20:14:55 DEBUG DefaultListableBeanFactory:215 - Creating shared instance of singleton bean 'org.springframework.web.servlet.handler.BeanNameUrlHandlerMapping'
2016-08-21 20:14:55 DEBUG DefaultListableBeanFactory:432 - Creating instance of bean 'org.springframework.web.servlet.handler.BeanNameUrlHandlerMapping'
2016-08-21 20:14:55 DEBUG DefaultListableBeanFactory:506 - Eagerly caching bean 'org.springframework.web.servlet.handler.BeanNameUrlHandlerMapping' to allow for resolving potential circular references
2016-08-21 20:14:55 DEBUG DefaultListableBeanFactory:243 - Returning cached instance of singleton bean 'org.springframework.web.servlet.handler.MappedInterceptor#0'
2016-08-21 20:14:55 DEBUG BeanNameUrlHandlerMapping:71 - Looking for URL mappings in application context: WebApplicationContext for namespace 'spring-web-servlet': startup date [Sun Aug 21 20:14:54 CDT 2016]; root of context hierarchy
2016-08-21 20:14:55 DEBUG BeanNameUrlHandlerMapping:86 - Rejected bean name 'weightWatcherController': no URL paths identified
2016-08-21 20:14:55 DEBUG BeanNameUrlHandlerMapping:86 - Rejected bean name 'weightOperationsImpl': no URL paths identified
2016-08-21 20:14:55 DEBUG BeanNameUrlHandlerMapping:86 - Rejected bean name 'overweightRule': no URL paths identified
2016-08-21 20:14:55 DEBUG BeanNameUrlHandlerMapping:86 - Rejected bean name 'underweightRule': no URL paths identified
2016-08-21 20:14:55 DEBUG BeanNameUrlHandlerMapping:86 - Rejected bean name 'weightRules': no URL paths identified
2016-08-21 20:14:55 DEBUG BeanNameUrlHandlerMapping:86 - Rejected bean name 'weightRulesLauncher': no URL paths identified
2016-08-21 20:14:55 DEBUG BeanNameUrlHandlerMapping:86 - Rejected bean name 'addWeightImpl': no URL paths identified
2016-08-21 20:14:55 DEBUG BeanNameUrlHandlerMapping:86 - Rejected bean name 'validator': no URL paths identified
2016-08-21 20:14:55 DEBUG BeanNameUrlHandlerMapping:86 - Rejected bean name 'weightUtils': no URL paths identified
2016-08-21 20:14:55 DEBUG BeanNameUrlHandlerMapping:86 - Rejected bean name 'org.springframework.context.annotation.internalConfigurationAnnotationProcessor': no URL paths identified
2016-08-21 20:14:55 DEBUG BeanNameUrlHandlerMapping:86 - Rejected bean name 'org.springframework.context.annotation.internalAutowiredAnnotationProcessor': no URL paths identified
2016-08-21 20:14:55 DEBUG BeanNameUrlHandlerMapping:86 - Rejected bean name 'org.springframework.context.annotation.internalRequiredAnnotationProcessor': no URL paths identified
2016-08-21 20:14:55 DEBUG BeanNameUrlHandlerMapping:86 - Rejected bean name 'org.springframework.context.annotation.internalCommonAnnotationProcessor': no URL paths identified
2016-08-21 20:14:55 DEBUG BeanNameUrlHandlerMapping:86 - Rejected bean name 'org.springframework.web.servlet.view.InternalResourceViewResolver#0': no URL paths identified
2016-08-21 20:14:55 DEBUG BeanNameUrlHandlerMapping:86 - Rejected bean name 'org.springframework.web.servlet.resource.ResourceHttpRequestHandler#0': no URL paths identified
2016-08-21 20:14:55 DEBUG BeanNameUrlHandlerMapping:86 - Rejected bean name 'org.springframework.web.servlet.handler.SimpleUrlHandlerMapping#0': no URL paths identified
2016-08-21 20:14:55 DEBUG BeanNameUrlHandlerMapping:86 - Rejected bean name 'org.springframework.web.servlet.handler.BeanNameUrlHandlerMapping': no URL paths identified
2016-08-21 20:14:55 DEBUG BeanNameUrlHandlerMapping:86 - Rejected bean name 'org.springframework.web.servlet.mvc.HttpRequestHandlerAdapter': no URL paths identified
2016-08-21 20:14:55 DEBUG BeanNameUrlHandlerMapping:86 - Rejected bean name 'org.springframework.web.servlet.mvc.SimpleControllerHandlerAdapter': no URL paths identified
2016-08-21 20:14:55 DEBUG BeanNameUrlHandlerMapping:86 - Rejected bean name 'mvcContentNegotiationManager': no URL paths identified
2016-08-21 20:14:55 DEBUG BeanNameUrlHandlerMapping:86 - Rejected bean name 'org.springframework.web.servlet.mvc.method.annotation.RequestMappingHandlerMapping#0': no URL paths identified
2016-08-21 20:14:55 DEBUG BeanNameUrlHandlerMapping:86 - Rejected bean name 'org.springframework.format.support.FormattingConversionServiceFactoryBean#0': no URL paths identified
2016-08-21 20:14:55 DEBUG BeanNameUrlHandlerMapping:86 - Rejected bean name 'org.springframework.web.servlet.mvc.method.annotation.RequestMappingHandlerAdapter#0': no URL paths identified
2016-08-21 20:14:55 DEBUG BeanNameUrlHandlerMapping:86 - Rejected bean name 'org.springframework.web.servlet.handler.MappedInterceptor#0': no URL paths identified
2016-08-21 20:14:55 DEBUG BeanNameUrlHandlerMapping:86 - Rejected bean name 'org.springframework.web.servlet.mvc.method.annotation.ExceptionHandlerExceptionResolver#0': no URL paths identified
2016-08-21 20:14:55 DEBUG BeanNameUrlHandlerMapping:86 - Rejected bean name 'org.springframework.web.servlet.mvc.annotation.ResponseStatusExceptionResolver#0': no URL paths identified
2016-08-21 20:14:55 DEBUG BeanNameUrlHandlerMapping:86 - Rejected bean name 'org.springframework.web.servlet.mvc.support.DefaultHandlerExceptionResolver#0': no URL paths identified
2016-08-21 20:14:55 DEBUG BeanNameUrlHandlerMapping:86 - Rejected bean name 'org.springframework.context.annotation.ConfigurationClassPostProcessor.importAwareProcessor': no URL paths identified
2016-08-21 20:14:55 DEBUG BeanNameUrlHandlerMapping:86 - Rejected bean name 'propertyConfigInDev': no URL paths identified
2016-08-21 20:14:55 DEBUG BeanNameUrlHandlerMapping:86 - Rejected bean name 'environment': no URL paths identified
2016-08-21 20:14:55 DEBUG BeanNameUrlHandlerMapping:86 - Rejected bean name 'systemProperties': no URL paths identified
2016-08-21 20:14:55 DEBUG BeanNameUrlHandlerMapping:86 - Rejected bean name 'systemEnvironment': no URL paths identified
2016-08-21 20:14:55 DEBUG BeanNameUrlHandlerMapping:86 - Rejected bean name 'servletContext': no URL paths identified
2016-08-21 20:14:55 DEBUG BeanNameUrlHandlerMapping:86 - Rejected bean name 'servletConfig': no URL paths identified
2016-08-21 20:14:55 DEBUG BeanNameUrlHandlerMapping:86 - Rejected bean name 'contextParameters': no URL paths identified
2016-08-21 20:14:55 DEBUG BeanNameUrlHandlerMapping:86 - Rejected bean name 'contextAttributes': no URL paths identified
2016-08-21 20:14:55 DEBUG BeanNameUrlHandlerMapping:86 - Rejected bean name 'org.springframework.context.annotation.ConfigurationClassPostProcessor.importRegistry': no URL paths identified
2016-08-21 20:14:55 DEBUG BeanNameUrlHandlerMapping:86 - Rejected bean name 'messageSource': no URL paths identified
2016-08-21 20:14:55 DEBUG BeanNameUrlHandlerMapping:86 - Rejected bean name 'applicationEventMulticaster': no URL paths identified
2016-08-21 20:14:55 DEBUG DefaultListableBeanFactory:460 - Finished creating instance of bean 'org.springframework.web.servlet.handler.BeanNameUrlHandlerMapping'
2016-08-21 20:14:55 DEBUG DefaultListableBeanFactory:215 - Creating shared instance of singleton bean 'org.springframework.web.servlet.mvc.HttpRequestHandlerAdapter'
2016-08-21 20:14:55 DEBUG DefaultListableBeanFactory:432 - Creating instance of bean 'org.springframework.web.servlet.mvc.HttpRequestHandlerAdapter'
2016-08-21 20:14:55 DEBUG DefaultListableBeanFactory:506 - Eagerly caching bean 'org.springframework.web.servlet.mvc.HttpRequestHandlerAdapter' to allow for resolving potential circular references
2016-08-21 20:14:55 DEBUG DefaultListableBeanFactory:460 - Finished creating instance of bean 'org.springframework.web.servlet.mvc.HttpRequestHandlerAdapter'
2016-08-21 20:14:55 DEBUG DefaultListableBeanFactory:215 - Creating shared instance of singleton bean 'org.springframework.web.servlet.mvc.SimpleControllerHandlerAdapter'
2016-08-21 20:14:55 DEBUG DefaultListableBeanFactory:432 - Creating instance of bean 'org.springframework.web.servlet.mvc.SimpleControllerHandlerAdapter'
2016-08-21 20:14:55 DEBUG DefaultListableBeanFactory:506 - Eagerly caching bean 'org.springframework.web.servlet.mvc.SimpleControllerHandlerAdapter' to allow for resolving potential circular references
2016-08-21 20:14:55 DEBUG DefaultListableBeanFactory:460 - Finished creating instance of bean 'org.springframework.web.servlet.mvc.SimpleControllerHandlerAdapter'
2016-08-21 20:14:55 DEBUG DefaultListableBeanFactory:215 - Creating shared instance of singleton bean 'mvcContentNegotiationManager'
2016-08-21 20:14:55 DEBUG DefaultListableBeanFactory:432 - Creating instance of bean 'mvcContentNegotiationManager'
2016-08-21 20:14:55 DEBUG DefaultListableBeanFactory:506 - Eagerly caching bean 'mvcContentNegotiationManager' to allow for resolving potential circular references
2016-08-21 20:14:55 DEBUG DefaultListableBeanFactory:1557 - Invoking afterPropertiesSet() on bean with name 'mvcContentNegotiationManager'
2016-08-21 20:14:55 DEBUG DefaultListableBeanFactory:460 - Finished creating instance of bean 'mvcContentNegotiationManager'
2016-08-21 20:14:55 DEBUG DefaultListableBeanFactory:215 - Creating shared instance of singleton bean 'org.springframework.web.servlet.mvc.method.annotation.RequestMappingHandlerMapping#0'
2016-08-21 20:14:55 DEBUG DefaultListableBeanFactory:432 - Creating instance of bean 'org.springframework.web.servlet.mvc.method.annotation.RequestMappingHandlerMapping#0'
2016-08-21 20:14:55 DEBUG DefaultListableBeanFactory:506 - Eagerly caching bean 'org.springframework.web.servlet.mvc.method.annotation.RequestMappingHandlerMapping#0' to allow for resolving potential circular references
2016-08-21 20:14:55 DEBUG DefaultListableBeanFactory:243 - Returning cached instance of singleton bean 'mvcContentNegotiationManager'
2016-08-21 20:14:55 DEBUG DefaultListableBeanFactory:243 - Returning cached instance of singleton bean 'org.springframework.web.servlet.handler.MappedInterceptor#0'
2016-08-21 20:14:55 DEBUG DefaultListableBeanFactory:1557 - Invoking afterPropertiesSet() on bean with name 'org.springframework.web.servlet.mvc.method.annotation.RequestMappingHandlerMapping#0'
2016-08-21 20:14:55 DEBUG RequestMappingHandlerMapping:99 - Looking for request mappings in application context: WebApplicationContext for namespace 'spring-web-servlet': startup date [Sun Aug 21 20:14:54 CDT 2016]; root of context hierarchy
2016-08-21 20:14:55 INFO  RequestMappingHandlerMapping:180 - Mapped "{[/metrics/readData],methods=[GET],params=[],headers=[],consumes=[],produces=[],custom=[]}" onto public java.lang.String com.WeightMonitor.web.controller.WeightWatcherController.readData(org.springframework.ui.ModelMap)
2016-08-21 20:14:55 INFO  RequestMappingHandlerMapping:180 - Mapped "{[/alerts/readByTimeRange],methods=[GET],params=[],headers=[],consumes=[],produces=[],custom=[]}" onto public java.lang.String com.WeightMonitor.web.controller.WeightWatcherController.alertsReadByTimeRange(org.springframework.ui.ModelMap,java.lang.String,java.lang.String)
2016-08-21 20:14:55 INFO  RequestMappingHandlerMapping:180 - Mapped "{[/metrics/readByTimeRangePOST],methods=[POST],params=[],headers=[],consumes=[],produces=[],custom=[]}" onto public java.lang.String com.WeightMonitor.web.controller.WeightWatcherController.metricsReadByTimeRangePOST(org.springframework.ui.ModelMap,com.WeightMonitor.web.beans.RangeForTimestamp)
2016-08-21 20:14:55 INFO  RequestMappingHandlerMapping:180 - Mapped "{[/alerts/readByTimeRangePOST],methods=[POST],params=[],headers=[],consumes=[],produces=[],custom=[]}" onto public java.lang.String com.WeightMonitor.web.controller.WeightWatcherController.alertsReadByTimeRangePOST(org.springframework.ui.ModelMap,com.WeightMonitor.web.beans.RangeForTimestamp)
2016-08-21 20:14:55 INFO  RequestMappingHandlerMapping:180 - Mapped "{[/create],methods=[POST],params=[],headers=[],consumes=[],produces=[],custom=[]}" onto public java.lang.String com.WeightMonitor.web.controller.WeightWatcherController.insertWeightdata(org.springframework.ui.ModelMap,com.WeightMonitor.web.beans.MetricsBean)
2016-08-21 20:14:55 INFO  RequestMappingHandlerMapping:180 - Mapped "{[/createGET],methods=[GET],params=[],headers=[],consumes=[],produces=[],custom=[]}" onto public java.lang.String com.WeightMonitor.web.controller.WeightWatcherController.insertWeightdataGET(org.springframework.ui.ModelMap,java.lang.String,java.lang.String)
2016-08-21 20:14:55 INFO  RequestMappingHandlerMapping:180 - Mapped "{[/],methods=[GET],params=[],headers=[],consumes=[],produces=[],custom=[]}" onto public java.lang.String com.WeightMonitor.web.controller.WeightWatcherController.printWelcome(org.springframework.ui.ModelMap)
2016-08-21 20:14:55 INFO  RequestMappingHandlerMapping:180 - Mapped "{[/alert/readData],methods=[GET],params=[],headers=[],consumes=[],produces=[],custom=[]}" onto public java.lang.String com.WeightMonitor.web.controller.WeightWatcherController.readAlertData(org.springframework.ui.ModelMap)
2016-08-21 20:14:55 INFO  RequestMappingHandlerMapping:180 - Mapped "{[/metrics/readByTimeRange],methods=[GET],params=[],headers=[],consumes=[],produces=[],custom=[]}" onto public java.lang.String com.WeightMonitor.web.controller.WeightWatcherController.metricsReadByTimeRange(org.springframework.ui.ModelMap,java.lang.String,java.lang.String)
2016-08-21 20:14:55 DEBUG DefaultListableBeanFactory:460 - Finished creating instance of bean 'org.springframework.web.servlet.mvc.method.annotation.RequestMappingHandlerMapping#0'
2016-08-21 20:14:55 DEBUG DefaultListableBeanFactory:243 - Returning cached instance of singleton bean 'org.springframework.format.support.FormattingConversionServiceFactoryBean#0'
2016-08-21 20:14:55 DEBUG DefaultListableBeanFactory:215 - Creating shared instance of singleton bean 'org.springframework.web.servlet.mvc.method.annotation.RequestMappingHandlerAdapter#0'
2016-08-21 20:14:55 DEBUG DefaultListableBeanFactory:432 - Creating instance of bean 'org.springframework.web.servlet.mvc.method.annotation.RequestMappingHandlerAdapter#0'
2016-08-21 20:14:55 DEBUG DefaultListableBeanFactory:506 - Eagerly caching bean 'org.springframework.web.servlet.mvc.method.annotation.RequestMappingHandlerAdapter#0' to allow for resolving potential circular references
2016-08-21 20:14:55 DEBUG DefaultListableBeanFactory:243 - Returning cached instance of singleton bean 'mvcContentNegotiationManager'
2016-08-21 20:14:55 DEBUG DefaultListableBeanFactory:432 - Creating instance of bean '(inner bean)#43e3cae'
2016-08-21 20:14:55 DEBUG DefaultListableBeanFactory:243 - Returning cached instance of singleton bean 'org.springframework.format.support.FormattingConversionServiceFactoryBean#0'
2016-08-21 20:14:55 DEBUG DefaultListableBeanFactory:460 - Finished creating instance of bean '(inner bean)#43e3cae'
2016-08-21 20:14:55 DEBUG DefaultListableBeanFactory:432 - Creating instance of bean '(inner bean)#f6f756e'
2016-08-21 20:14:55 DEBUG DefaultListableBeanFactory:460 - Finished creating instance of bean '(inner bean)#f6f756e'
2016-08-21 20:14:55 DEBUG DefaultListableBeanFactory:432 - Creating instance of bean '(inner bean)#6b9e2595'
2016-08-21 20:14:55 DEBUG DefaultListableBeanFactory:460 - Finished creating instance of bean '(inner bean)#6b9e2595'
2016-08-21 20:14:55 DEBUG DefaultListableBeanFactory:432 - Creating instance of bean '(inner bean)#176a0755'
2016-08-21 20:14:55 DEBUG DefaultListableBeanFactory:460 - Finished creating instance of bean '(inner bean)#176a0755'
2016-08-21 20:14:55 DEBUG DefaultListableBeanFactory:432 - Creating instance of bean '(inner bean)#4b93596c'
2016-08-21 20:14:55 DEBUG DefaultListableBeanFactory:460 - Finished creating instance of bean '(inner bean)#4b93596c'
2016-08-21 20:14:55 DEBUG DefaultListableBeanFactory:432 - Creating instance of bean '(inner bean)#226365c8'
2016-08-21 20:14:55 DEBUG DefaultListableBeanFactory:460 - Finished creating instance of bean '(inner bean)#226365c8'
2016-08-21 20:14:55 DEBUG DefaultListableBeanFactory:432 - Creating instance of bean '(inner bean)#2a64eb3e'
2016-08-21 20:14:55 DEBUG DefaultListableBeanFactory:460 - Finished creating instance of bean '(inner bean)#2a64eb3e'
2016-08-21 20:14:55 DEBUG DefaultListableBeanFactory:1557 - Invoking afterPropertiesSet() on bean with name 'org.springframework.web.servlet.mvc.method.annotation.RequestMappingHandlerAdapter#0'
2016-08-21 20:14:55 DEBUG RequestMappingHandlerAdapter:614 - Looking for controller advice: WebApplicationContext for namespace 'spring-web-servlet': startup date [Sun Aug 21 20:14:54 CDT 2016]; root of context hierarchy
2016-08-21 20:14:55 DEBUG DefaultListableBeanFactory:460 - Finished creating instance of bean 'org.springframework.web.servlet.mvc.method.annotation.RequestMappingHandlerAdapter#0'
2016-08-21 20:14:55 DEBUG DefaultListableBeanFactory:243 - Returning cached instance of singleton bean 'org.springframework.web.servlet.handler.MappedInterceptor#0'
2016-08-21 20:14:55 DEBUG DefaultListableBeanFactory:215 - Creating shared instance of singleton bean 'org.springframework.web.servlet.mvc.method.annotation.ExceptionHandlerExceptionResolver#0'
2016-08-21 20:14:55 DEBUG DefaultListableBeanFactory:432 - Creating instance of bean 'org.springframework.web.servlet.mvc.method.annotation.ExceptionHandlerExceptionResolver#0'
2016-08-21 20:14:55 DEBUG DefaultListableBeanFactory:506 - Eagerly caching bean 'org.springframework.web.servlet.mvc.method.annotation.ExceptionHandlerExceptionResolver#0' to allow for resolving potential circular references
2016-08-21 20:14:55 DEBUG DefaultListableBeanFactory:243 - Returning cached instance of singleton bean 'mvcContentNegotiationManager'
2016-08-21 20:14:55 DEBUG DefaultListableBeanFactory:432 - Creating instance of bean '(inner bean)#f6f756e#1'
2016-08-21 20:14:55 DEBUG DefaultListableBeanFactory:460 - Finished creating instance of bean '(inner bean)#f6f756e#1'
2016-08-21 20:14:55 DEBUG DefaultListableBeanFactory:432 - Creating instance of bean '(inner bean)#6b9e2595#1'
2016-08-21 20:14:55 DEBUG DefaultListableBeanFactory:460 - Finished creating instance of bean '(inner bean)#6b9e2595#1'
2016-08-21 20:14:55 DEBUG DefaultListableBeanFactory:432 - Creating instance of bean '(inner bean)#176a0755#1'
2016-08-21 20:14:55 DEBUG DefaultListableBeanFactory:460 - Finished creating instance of bean '(inner bean)#176a0755#1'
2016-08-21 20:14:55 DEBUG DefaultListableBeanFactory:432 - Creating instance of bean '(inner bean)#4b93596c#1'
2016-08-21 20:14:55 DEBUG DefaultListableBeanFactory:460 - Finished creating instance of bean '(inner bean)#4b93596c#1'
2016-08-21 20:14:55 DEBUG DefaultListableBeanFactory:432 - Creating instance of bean '(inner bean)#226365c8#1'
2016-08-21 20:14:55 DEBUG DefaultListableBeanFactory:460 - Finished creating instance of bean '(inner bean)#226365c8#1'
2016-08-21 20:14:55 DEBUG DefaultListableBeanFactory:432 - Creating instance of bean '(inner bean)#2a64eb3e#1'
2016-08-21 20:14:55 DEBUG DefaultListableBeanFactory:460 - Finished creating instance of bean '(inner bean)#2a64eb3e#1'
2016-08-21 20:14:55 DEBUG DefaultListableBeanFactory:1557 - Invoking afterPropertiesSet() on bean with name 'org.springframework.web.servlet.mvc.method.annotation.ExceptionHandlerExceptionResolver#0'
2016-08-21 20:14:55 DEBUG ExceptionHandlerExceptionResolver:282 - Looking for exception mappings: WebApplicationContext for namespace 'spring-web-servlet': startup date [Sun Aug 21 20:14:54 CDT 2016]; root of context hierarchy
2016-08-21 20:14:55 DEBUG DefaultListableBeanFactory:460 - Finished creating instance of bean 'org.springframework.web.servlet.mvc.method.annotation.ExceptionHandlerExceptionResolver#0'
2016-08-21 20:14:55 DEBUG DefaultListableBeanFactory:215 - Creating shared instance of singleton bean 'org.springframework.web.servlet.mvc.annotation.ResponseStatusExceptionResolver#0'
2016-08-21 20:14:55 DEBUG DefaultListableBeanFactory:432 - Creating instance of bean 'org.springframework.web.servlet.mvc.annotation.ResponseStatusExceptionResolver#0'
2016-08-21 20:14:55 DEBUG DefaultListableBeanFactory:506 - Eagerly caching bean 'org.springframework.web.servlet.mvc.annotation.ResponseStatusExceptionResolver#0' to allow for resolving potential circular references
2016-08-21 20:14:55 DEBUG DefaultListableBeanFactory:460 - Finished creating instance of bean 'org.springframework.web.servlet.mvc.annotation.ResponseStatusExceptionResolver#0'
2016-08-21 20:14:55 DEBUG DefaultListableBeanFactory:215 - Creating shared instance of singleton bean 'org.springframework.web.servlet.mvc.support.DefaultHandlerExceptionResolver#0'
2016-08-21 20:14:55 DEBUG DefaultListableBeanFactory:432 - Creating instance of bean 'org.springframework.web.servlet.mvc.support.DefaultHandlerExceptionResolver#0'
2016-08-21 20:14:55 DEBUG DefaultListableBeanFactory:506 - Eagerly caching bean 'org.springframework.web.servlet.mvc.support.DefaultHandlerExceptionResolver#0' to allow for resolving potential circular references
2016-08-21 20:14:55 DEBUG DefaultListableBeanFactory:460 - Finished creating instance of bean 'org.springframework.web.servlet.mvc.support.DefaultHandlerExceptionResolver#0'
2016-08-21 20:14:55 DEBUG DefaultListableBeanFactory:243 - Returning cached instance of singleton bean 'org.springframework.context.annotation.ConfigurationClassPostProcessor.importAwareProcessor'
2016-08-21 20:14:55 DEBUG DefaultListableBeanFactory:243 - Returning cached instance of singleton bean 'propertyConfigInDev'
2016-08-21 20:14:55 DEBUG XmlWebApplicationContext:860 - Unable to locate LifecycleProcessor with name 'lifecycleProcessor': using default [org.springframework.context.support.DefaultLifecycleProcessor@76701229]
2016-08-21 20:14:55 DEBUG DefaultListableBeanFactory:243 - Returning cached instance of singleton bean 'lifecycleProcessor'
2016-08-21 20:14:55 DEBUG DispatcherServlet:464 - Unable to locate MultipartResolver with name 'multipartResolver': no multipart request handling provided
2016-08-21 20:14:55 DEBUG DefaultListableBeanFactory:432 - Creating instance of bean 'org.springframework.web.servlet.i18n.AcceptHeaderLocaleResolver'
2016-08-21 20:14:55 DEBUG DefaultListableBeanFactory:460 - Finished creating instance of bean 'org.springframework.web.servlet.i18n.AcceptHeaderLocaleResolver'
2016-08-21 20:14:55 DEBUG DispatcherServlet:486 - Unable to locate LocaleResolver with name 'localeResolver': using default [org.springframework.web.servlet.i18n.AcceptHeaderLocaleResolver@65fd170b]
2016-08-21 20:14:55 DEBUG DefaultListableBeanFactory:432 - Creating instance of bean 'org.springframework.web.servlet.theme.FixedThemeResolver'
2016-08-21 20:14:55 DEBUG DefaultListableBeanFactory:460 - Finished creating instance of bean 'org.springframework.web.servlet.theme.FixedThemeResolver'
2016-08-21 20:14:55 DEBUG DispatcherServlet:508 - Unable to locate ThemeResolver with name 'themeResolver': using default [org.springframework.web.servlet.theme.FixedThemeResolver@714cb831]
2016-08-21 20:14:55 DEBUG DefaultListableBeanFactory:243 - Returning cached instance of singleton bean 'org.springframework.web.servlet.handler.SimpleUrlHandlerMapping#0'
2016-08-21 20:14:55 DEBUG DefaultListableBeanFactory:243 - Returning cached instance of singleton bean 'org.springframework.web.servlet.handler.BeanNameUrlHandlerMapping'
2016-08-21 20:14:55 DEBUG DefaultListableBeanFactory:243 - Returning cached instance of singleton bean 'org.springframework.web.servlet.mvc.method.annotation.RequestMappingHandlerMapping#0'
2016-08-21 20:14:55 DEBUG DefaultListableBeanFactory:243 - Returning cached instance of singleton bean 'org.springframework.web.servlet.mvc.HttpRequestHandlerAdapter'
2016-08-21 20:14:55 DEBUG DefaultListableBeanFactory:243 - Returning cached instance of singleton bean 'org.springframework.web.servlet.mvc.SimpleControllerHandlerAdapter'
2016-08-21 20:14:55 DEBUG DefaultListableBeanFactory:243 - Returning cached instance of singleton bean 'org.springframework.web.servlet.mvc.method.annotation.RequestMappingHandlerAdapter#0'
2016-08-21 20:14:55 DEBUG DefaultListableBeanFactory:243 - Returning cached instance of singleton bean 'org.springframework.web.servlet.mvc.method.annotation.ExceptionHandlerExceptionResolver#0'
2016-08-21 20:14:55 DEBUG DefaultListableBeanFactory:243 - Returning cached instance of singleton bean 'org.springframework.web.servlet.mvc.annotation.ResponseStatusExceptionResolver#0'
2016-08-21 20:14:55 DEBUG DefaultListableBeanFactory:243 - Returning cached instance of singleton bean 'org.springframework.web.servlet.mvc.support.DefaultHandlerExceptionResolver#0'
2016-08-21 20:14:55 DEBUG DefaultListableBeanFactory:432 - Creating instance of bean 'org.springframework.web.servlet.view.DefaultRequestToViewNameTranslator'
2016-08-21 20:14:55 DEBUG DefaultListableBeanFactory:460 - Finished creating instance of bean 'org.springframework.web.servlet.view.DefaultRequestToViewNameTranslator'
2016-08-21 20:14:55 DEBUG DispatcherServlet:646 - Unable to locate RequestToViewNameTranslator with name 'viewNameTranslator': using default [org.springframework.web.servlet.view.DefaultRequestToViewNameTranslator@4a401c9f]
2016-08-21 20:14:55 DEBUG DefaultListableBeanFactory:243 - Returning cached instance of singleton bean 'org.springframework.web.servlet.view.InternalResourceViewResolver#0'
2016-08-21 20:14:55 DEBUG DefaultListableBeanFactory:432 - Creating instance of bean 'org.springframework.web.servlet.support.SessionFlashMapManager'
2016-08-21 20:14:55 DEBUG DefaultListableBeanFactory:460 - Finished creating instance of bean 'org.springframework.web.servlet.support.SessionFlashMapManager'
2016-08-21 20:14:55 DEBUG DispatcherServlet:708 - Unable to locate FlashMapManager with name 'flashMapManager': using default [org.springframework.web.servlet.support.SessionFlashMapManager@49488a98]
2016-08-21 20:14:55 DEBUG PropertySourcesPropertyResolver:81 - Searching for key 'spring.liveBeansView.mbeanDomain' in [servletConfigInitParams]
2016-08-21 20:14:55 DEBUG PropertySourcesPropertyResolver:81 - Searching for key 'spring.liveBeansView.mbeanDomain' in [servletContextInitParams]
2016-08-21 20:14:55 DEBUG PropertySourcesPropertyResolver:81 - Searching for key 'spring.liveBeansView.mbeanDomain' in [jndiProperties]
2016-08-21 20:14:55 DEBUG JndiTemplate:150 - Looking up JNDI object with name [java:comp/env/spring.liveBeansView.mbeanDomain]
2016-08-21 20:14:55 DEBUG JndiLocatorDelegate:101 - Converted JNDI name [java:comp/env/spring.liveBeansView.mbeanDomain] not found - trying original name [spring.liveBeansView.mbeanDomain]. javax.naming.NoInitialContextException: Need to specify class name in environment or system property, or as an applet parameter, or in an application resource file:  java.naming.factory.initial
2016-08-21 20:14:55 DEBUG JndiTemplate:150 - Looking up JNDI object with name [spring.liveBeansView.mbeanDomain]
2016-08-21 20:14:55 DEBUG JndiPropertySource:90 - JNDI lookup for name [spring.liveBeansView.mbeanDomain] threw NamingException with message: Need to specify class name in environment or system property, or as an applet parameter, or in an application resource file:  java.naming.factory.initial. Returning null.
2016-08-21 20:14:55 DEBUG PropertySourcesPropertyResolver:81 - Searching for key 'spring.liveBeansView.mbeanDomain' in [systemProperties]
2016-08-21 20:14:55 DEBUG PropertySourcesPropertyResolver:81 - Searching for key 'spring.liveBeansView.mbeanDomain' in [systemEnvironment]
2016-08-21 20:14:55 DEBUG PropertySourcesPropertyResolver:81 - Searching for key 'spring.liveBeansView.mbeanDomain' in [class path resource [config.properties]]
2016-08-21 20:14:55 DEBUG PropertySourcesPropertyResolver:103 - Could not find key 'spring.liveBeansView.mbeanDomain' in any property source. Returning [null]
2016-08-21 20:14:55 DEBUG DispatcherServlet:536 - Published WebApplicationContext of servlet 'spring-web' as ServletContext attribute with name [org.springframework.web.servlet.FrameworkServlet.CONTEXT.spring-web]
2016-08-21 20:14:55 INFO  DispatcherServlet:476 - FrameworkServlet 'spring-web': initialization completed in 803 ms
2016-08-21 20:14:55 DEBUG DispatcherServlet:139 - Servlet 'spring-web' configured successfully
2016-08-21 20:15:11 DEBUG DispatcherServlet:819 - DispatcherServlet with name 'spring-web' processing GET request for [/WeightWatchers/metricsReadData]
2016-08-21 20:15:11 DEBUG RequestMappingHandlerMapping:229 - Looking up handler method for path /metricsReadData
2016-08-21 20:15:11 DEBUG RequestMappingHandlerMapping:237 - Did not find handler method for [/metricsReadData]
2016-08-21 20:15:11 WARN  PageNotFound:1101 - No mapping found for HTTP request with URI [/WeightWatchers/metricsReadData] in DispatcherServlet with name 'spring-web'
2016-08-21 20:15:11 DEBUG DispatcherServlet:983 - Successfully completed request
2016-08-21 20:17:36 DEBUG DispatcherServlet:819 - DispatcherServlet with name 'spring-web' processing GET request for [/WeightWatchers/metricsReadData]
2016-08-21 20:17:36 DEBUG RequestMappingHandlerMapping:229 - Looking up handler method for path /metricsReadData
2016-08-21 20:17:36 DEBUG RequestMappingHandlerMapping:237 - Did not find handler method for [/metricsReadData]
2016-08-21 20:17:36 WARN  PageNotFound:1101 - No mapping found for HTTP request with URI [/WeightWatchers/metricsReadData] in DispatcherServlet with name 'spring-web'
2016-08-21 20:17:36 DEBUG DispatcherServlet:983 - Successfully completed request
